<?xml version="1.0" encoding="UTF-8"?>
<!-- Generated by org.testng.reporters.JUnitXMLReporter -->
<testsuite hostname="neiger-serrano" ignored="2" name="Automation of cases" tests="1" failures="1" timestamp="10 May 2019 16:03:50 GMT" time="817.213" errors="0">
  <testcase name="ClickSignInBtn" time="720.433" classname="tests.SignInPageTests">
    <failure type="java.lang.AssertionError" message="[ERROR]  did not match with expected value expected [true] but found [false]">
      <![CDATA[java.lang.AssertionError: [ERROR]  did not match with expected value expected [true] but found [false]
at tests.SignInPageTests.ClickSignInBtn(SignInPageTests.java:38)
... Removed 28 stack frames]]>
    </failure>
  </testcase> <!-- ClickSignInBtn -->
  <testcase name="ClickSignUpBtn" time="0.0" classname="tests.SignUpPageTests">
    <ignored/>
  </testcase> <!-- ClickSignUpBtn -->
  <testcase name="ValidateStartUpPage" time="0.0" classname="tests.StartUpPageTests">
    <ignored/>
  </testcase> <!-- ValidateStartUpPage -->
</testsuite> <!-- Automation of cases -->
