<?xml version="1.0" encoding="UTF-8"?>
<testng-results skipped="0" failed="1" ignored="2" total="3" passed="0">
  <reporter-output>
  </reporter-output>
  <suite name="AppiumAndroidApp" duration-ms="817213" started-at="2019-05-10T15:50:01Z" finished-at="2019-05-10T16:03:38Z">
    <groups>
    </groups>
    <test name="Automation of cases" duration-ms="817213" started-at="2019-05-10T15:50:01Z" finished-at="2019-05-10T16:03:38Z">
      <class name="tests.SignInPageTests">
        <test-method status="PASS" signature="setUp()[pri:0, instance:tests.SignInPageTests@6eebc39e]" name="setUp" is-config="true" duration-ms="26336" started-at="2019-05-10T15:50:01Z" finished-at="2019-05-10T15:50:27Z">
          <reporter-output>
          </reporter-output>
        </test-method> <!-- setUp -->
        <test-method status="FAIL" signature="ClickSignInBtn(java.lang.String, java.lang.String)[pri:0, instance:tests.SignInPageTests@6eebc39e]" name="ClickSignInBtn" duration-ms="720433" started-at="2019-05-10T15:50:27Z" finished-at="2019-05-10T16:02:28Z">
          <params>
            <param index="0">
              <value>
                <![CDATA[neiger.serrano@avantica.net]]>
              </value>
            </param>
            <param index="1">
              <value>
                <![CDATA[123456]]>
              </value>
            </param>
          </params>
          <exception class="java.lang.AssertionError">
            <message>
              <![CDATA[[ERROR]  did not match with expected value expected [true] but found [false]]]>
            </message>
            <full-stacktrace>
              <![CDATA[java.lang.AssertionError: [ERROR]  did not match with expected value expected [true] but found [false]
at org.testng.Assert.fail(Assert.java:96)
at org.testng.Assert.failNotEquals(Assert.java:776)
at org.testng.Assert.assertTrue(Assert.java:44)
at tests.SignInPageTests.ClickSignInBtn(SignInPageTests.java:38)
at sun.reflect.NativeMethodAccessorImpl.invoke0(Native Method)
at sun.reflect.NativeMethodAccessorImpl.invoke(NativeMethodAccessorImpl.java:62)
at sun.reflect.DelegatingMethodAccessorImpl.invoke(DelegatingMethodAccessorImpl.java:43)
at java.lang.reflect.Method.invoke(Method.java:498)
at org.testng.internal.MethodInvocationHelper.invokeMethod(MethodInvocationHelper.java:124)
at org.testng.internal.Invoker.invokeMethod(Invoker.java:583)
at org.testng.internal.Invoker.invokeTestMethod(Invoker.java:719)
at org.testng.internal.Invoker.invokeTestMethods(Invoker.java:989)
at org.testng.internal.TestMethodWorker.invokeTestMethods(TestMethodWorker.java:125)
at org.testng.internal.TestMethodWorker.run(TestMethodWorker.java:109)
at org.testng.TestRunner.privateRun(TestRunner.java:648)
at org.testng.TestRunner.run(TestRunner.java:505)
at org.testng.SuiteRunner.runTest(SuiteRunner.java:455)
at org.testng.SuiteRunner.runSequentially(SuiteRunner.java:450)
at org.testng.SuiteRunner.privateRun(SuiteRunner.java:415)
at org.testng.SuiteRunner.run(SuiteRunner.java:364)
at org.testng.SuiteRunnerWorker.runSuite(SuiteRunnerWorker.java:52)
at org.testng.SuiteRunnerWorker.run(SuiteRunnerWorker.java:84)
at org.testng.TestNG.runSuitesSequentially(TestNG.java:1208)
at org.testng.TestNG.runSuitesLocally(TestNG.java:1137)
at org.testng.TestNG.runSuites(TestNG.java:1049)
at org.testng.TestNG.run(TestNG.java:1017)
at org.testng.remote.AbstractRemoteTestNG.run(AbstractRemoteTestNG.java:115)
at org.testng.remote.RemoteTestNG.initAndRun(RemoteTestNG.java:251)
at org.testng.remote.RemoteTestNG.main(RemoteTestNG.java:77)
]]>
            </full-stacktrace>
          </exception> <!-- java.lang.AssertionError -->
          <reporter-output>
          </reporter-output>
        </test-method> <!-- ClickSignInBtn -->
        <test-method status="PASS" signature="deleteDriver()[pri:0, instance:tests.SignInPageTests@6eebc39e]" name="deleteDriver" is-config="true" duration-ms="70389" started-at="2019-05-10T16:02:28Z" finished-at="2019-05-10T16:03:38Z">
          <reporter-output>
          </reporter-output>
        </test-method> <!-- deleteDriver -->
      </class> <!-- tests.SignInPageTests -->
    </test> <!-- Automation of cases -->
  </suite> <!-- AppiumAndroidApp -->
</testng-results>
